<?xml version="1.0" encoding="UTF-8"?>
<!-- Generated by org.testng.reporters.JUnitReportReporter -->
<testsuite name="TestCase.VerifyHomePage" tests="1" time="16.477" ignored="0" failures="0" timestamp="04 Mar 2017 09:58:45 GMT" skipped="0" hostname="Ritesh-PC" errors="0">
  <testcase name="testHomePage" time="16.477" classname="TestCase.VerifyHomePage"/>
</testsuite> <!-- TestCase.VerifyHomePage -->
