<?xml version="1.0" encoding="UTF-8"?>
<!-- Generated by org.testng.reporters.JUnitReportReporter -->
<testsuite name="TestCase.VerifyLoginPage" tests="1" time="24.167" ignored="0" failures="0" timestamp="04 Mar 2017 09:59:24 GMT" skipped="0" hostname="Ritesh-PC" errors="0">
  <testcase name="testLoginPage" time="24.167" classname="TestCase.VerifyLoginPage"/>
</testsuite> <!-- TestCase.VerifyLoginPage -->
