<?xml version="1.0" encoding="UTF-8"?>
<!-- Generated by org.testng.reporters.JUnitReportReporter -->
<testsuite hostname="hp-PC" name="Testcases.VerifyLoginPage" tests="1" failures="0" timestamp="5 Mar 2017 02:19:56 GMT" time="0.002" errors="1">
  <testcase name="testLoginPage" time="0.002" classname="Testcases.VerifyLoginPage">
    <error type="org.openqa.selenium.WebDriverException" message="Failed to connect to binary FirefoxBinary(C:\Program Files\Mozilla Firefox\firefox.exe) on port 7055; process output follows: 
Mozilla Contributors&quot;]},&quot;visible&quot;:true,&quot;active&quot;:true,&quot;userDisabled&quot;:false,&quot;appDisabled&quot;:false,&quot;descriptor&quot;:&quot;C:\\Program Files\\Mozilla Firefox\\browser\\extensions\\{972ce4c6-7e08-4474-a285-3208198ce6fd}.xpi&quot;,&quot;installDate&quot;:1488680097452,&quot;updateDate&quot;:1488680097452,&quot;applyBackgroundUpdates&quot;:1,&quot;skinnable&quot;:true,&quot;size&quot;:19708,&quot;sourceURI&quot;:null,&quot;releaseNotesURI&quot;:null,&quot;softDisabled&quot;:false,&quot;foreignInstall&quot;:false,&quot;hasBinaryComponents&quot;:false,&quot;strictCompatibility&quot;:true,&quot;locales&quot;:[],&quot;targetApplications&quot;:[{&quot;id&quot;:&quot;{ec8030f7-c20a-464f-9b0e-13a3a9e97384}&quot;,&quot;minVersion&quot;:&quot;51.0.1&quot;,&quot;maxVersion&quot;:&quot;51.0.1&quot;}],&quot;targetPlatforms&quot;:[],&quot;seen&quot;:true,&quot;dependencies&quot;:[],&quot;hasEmbeddedWebExtension&quot;:false}
1488680351928	addons.xpi	DEBUG	getModTime: Recursive scan of {972ce4c6-7e08-4474-a285-3208198ce6fd}
1488680351930	DeferredSave.extensions.json	DEBUG	Save changes
1488680351931	addons.xpi	DEBUG	Updating database with changes to installed add-ons
1488680351931	addons.xpi-utils	DEBUG	Updating add-on states
1488680351932	addons.xpi-utils	DEBUG	Writing add-ons list
1488680351938	addons.xpi	DEBUG	Registering manifest for C:\Program Files\Mozilla Firefox\browser\features\aushelper@mozilla.org.xpi
1488680351939	addons.xpi	DEBUG	Calling bootstrap method startup on aushelper@mozilla.org version 1.0
1488680351942	addons.xpi	DEBUG	Registering manifest for C:\Program Files\Mozilla Firefox\browser\features\e10srollout@mozilla.org.xpi
1488680351944	addons.xpi	DEBUG	Calling bootstrap method startup on e10srollout@mozilla.org version 1.7
1488680351945	addons.xpi	DEBUG	Registering manifest for C:\Program Files\Mozilla Firefox\browser\features\firefox@getpocket.com.xpi
1488680351947	addons.xpi	DEBUG	Calling bootstrap method startup on firefox@getpocket.com version 1.0.5
1488680351949	addons.xpi	DEBUG	Registering manifest for C:\Program Files\Mozilla Firefox\browser\features\webcompat@mozilla.org.xpi
1488680351952	addons.xpi	DEBUG	Calling bootstrap method startup on webcompat@mozilla.org version 1.0
1488680351960	addons.manager	DEBUG	Registering shutdown blocker for XPIProvider
1488680351962	addons.manager	DEBUG	Provider finished startup: XPIProvider
1488680351963	addons.manager	DEBUG	Starting provider: LightweightThemeManager
1488680351963	addons.manager	DEBUG	Registering shutdown blocker for LightweightThemeManager
1488680351964	addons.manager	DEBUG	Provider finished startup: LightweightThemeManager
1488680351965	addons.manager	DEBUG	Starting provider: GMPProvider
1488680351983	addons.manager	DEBUG	Registering shutdown blocker for GMPProvider
1488680351984	addons.manager	DEBUG	Provider finished startup: GMPProvider
1488680351984	addons.manager	DEBUG	Starting provider: PluginProvider
1488680351986	addons.manager	DEBUG	Registering shutdown blocker for PluginProvider
1488680351986	addons.manager	DEBUG	Provider finished startup: PluginProvider
1488680351987	addons.manager	DEBUG	Completed startup sequence
1488680353616	addons.manager	DEBUG	Starting provider: &lt;unnamed-provider&gt;
1488680353617	addons.manager	DEBUG	Registering shutdown blocker for &lt;unnamed-provider&gt;
1488680353617	addons.manager	DEBUG	Provider finished startup: &lt;unnamed-provider&gt;
1488680353986	DeferredSave.extensions.json	DEBUG	Write succeeded
1488680353986	addons.xpi-utils	DEBUG	XPI Database saved, setting schema version preference to 19
1488680353987	DeferredSave.extensions.json	DEBUG	Starting timer
1488680354011	DeferredSave.extensions.json	DEBUG	Starting write
1488680354026	addons.repository	DEBUG	No addons.json found.
1488680354027	DeferredSave.addons.json	DEBUG	Save changes
1488680354032	DeferredSave.addons.json	DEBUG	Starting timer
1488680354085	addons.manager	DEBUG	Starting provider: PreviousExperimentProvider
1488680354085	addons.manager	DEBUG	Registering shutdown blocker for PreviousExperimentProvider
1488680354086	addons.manager	DEBUG	Provider finished startup: PreviousExperimentProvider
1488680354092	DeferredSave.addons.json	DEBUG	Starting write
1488680354111	DeferredSave.extensions.json	DEBUG	Write succeeded
1488680354180	DeferredSave.addons.json	DEBUG	Write succeeded

Build info: version: &#039;2.53.1&#039;, revision: &#039;a36b8b1cd5757287168e54b817830adce9b0158d&#039;, time: &#039;2016-06-30 19:26:09&#039;
System info: host: &#039;hp-PC&#039;, ip: &#039;192.168.1.141&#039;, os.name: &#039;Windows 7&#039;, os.arch: &#039;x86&#039;, os.version: &#039;6.1&#039;, java.version: &#039;1.8.0_121&#039;
Driver info: driver.version: FirefoxDriver">
      <![CDATA[org.openqa.selenium.WebDriverException: Failed to connect to binary FirefoxBinary(C:\Program Files\Mozilla Firefox\firefox.exe) on port 7055; process output follows: 
Mozilla Contributors"]},"visible":true,"active":true,"userDisabled":false,"appDisabled":false,"descriptor":"C:\\Program Files\\Mozilla Firefox\\browser\\extensions\\{972ce4c6-7e08-4474-a285-3208198ce6fd}.xpi","installDate":1488680097452,"updateDate":1488680097452,"applyBackgroundUpdates":1,"skinnable":true,"size":19708,"sourceURI":null,"releaseNotesURI":null,"softDisabled":false,"foreignInstall":false,"hasBinaryComponents":false,"strictCompatibility":true,"locales":[],"targetApplications":[{"id":"{ec8030f7-c20a-464f-9b0e-13a3a9e97384}","minVersion":"51.0.1","maxVersion":"51.0.1"}],"targetPlatforms":[],"seen":true,"dependencies":[],"hasEmbeddedWebExtension":false}
1488680351928	addons.xpi	DEBUG	getModTime: Recursive scan of {972ce4c6-7e08-4474-a285-3208198ce6fd}
1488680351930	DeferredSave.extensions.json	DEBUG	Save changes
1488680351931	addons.xpi	DEBUG	Updating database with changes to installed add-ons
1488680351931	addons.xpi-utils	DEBUG	Updating add-on states
1488680351932	addons.xpi-utils	DEBUG	Writing add-ons list
1488680351938	addons.xpi	DEBUG	Registering manifest for C:\Program Files\Mozilla Firefox\browser\features\aushelper@mozilla.org.xpi
1488680351939	addons.xpi	DEBUG	Calling bootstrap method startup on aushelper@mozilla.org version 1.0
1488680351942	addons.xpi	DEBUG	Registering manifest for C:\Program Files\Mozilla Firefox\browser\features\e10srollout@mozilla.org.xpi
1488680351944	addons.xpi	DEBUG	Calling bootstrap method startup on e10srollout@mozilla.org version 1.7
1488680351945	addons.xpi	DEBUG	Registering manifest for C:\Program Files\Mozilla Firefox\browser\features\firefox@getpocket.com.xpi
1488680351947	addons.xpi	DEBUG	Calling bootstrap method startup on firefox@getpocket.com version 1.0.5
1488680351949	addons.xpi	DEBUG	Registering manifest for C:\Program Files\Mozilla Firefox\browser\features\webcompat@mozilla.org.xpi
1488680351952	addons.xpi	DEBUG	Calling bootstrap method startup on webcompat@mozilla.org version 1.0
1488680351960	addons.manager	DEBUG	Registering shutdown blocker for XPIProvider
1488680351962	addons.manager	DEBUG	Provider finished startup: XPIProvider
1488680351963	addons.manager	DEBUG	Starting provider: LightweightThemeManager
1488680351963	addons.manager	DEBUG	Registering shutdown blocker for LightweightThemeManager
1488680351964	addons.manager	DEBUG	Provider finished startup: LightweightThemeManager
1488680351965	addons.manager	DEBUG	Starting provider: GMPProvider
1488680351983	addons.manager	DEBUG	Registering shutdown blocker for GMPProvider
1488680351984	addons.manager	DEBUG	Provider finished startup: GMPProvider
1488680351984	addons.manager	DEBUG	Starting provider: PluginProvider
1488680351986	addons.manager	DEBUG	Registering shutdown blocker for PluginProvider
1488680351986	addons.manager	DEBUG	Provider finished startup: PluginProvider
1488680351987	addons.manager	DEBUG	Completed startup sequence
1488680353616	addons.manager	DEBUG	Starting provider: <unnamed-provider>
1488680353617	addons.manager	DEBUG	Registering shutdown blocker for <unnamed-provider>
1488680353617	addons.manager	DEBUG	Provider finished startup: <unnamed-provider>
1488680353986	DeferredSave.extensions.json	DEBUG	Write succeeded
1488680353986	addons.xpi-utils	DEBUG	XPI Database saved, setting schema version preference to 19
1488680353987	DeferredSave.extensions.json	DEBUG	Starting timer
1488680354011	DeferredSave.extensions.json	DEBUG	Starting write
1488680354026	addons.repository	DEBUG	No addons.json found.
1488680354027	DeferredSave.addons.json	DEBUG	Save changes
1488680354032	DeferredSave.addons.json	DEBUG	Starting timer
1488680354085	addons.manager	DEBUG	Starting provider: PreviousExperimentProvider
1488680354085	addons.manager	DEBUG	Registering shutdown blocker for PreviousExperimentProvider
1488680354086	addons.manager	DEBUG	Provider finished startup: PreviousExperimentProvider
1488680354092	DeferredSave.addons.json	DEBUG	Starting write
1488680354111	DeferredSave.extensions.json	DEBUG	Write succeeded
1488680354180	DeferredSave.addons.json	DEBUG	Write succeeded

Build info: version: '2.53.1', revision: 'a36b8b1cd5757287168e54b817830adce9b0158d', time: '2016-06-30 19:26:09'
System info: host: 'hp-PC', ip: '192.168.1.141', os.name: 'Windows 7', os.arch: 'x86', os.version: '6.1', java.version: '1.8.0_121'
Driver info: driver.version: FirefoxDriver
	at org.openqa.selenium.firefox.internal.NewProfileExtensionConnection.start(NewProfileExtensionConnection.java:125)
	at org.openqa.selenium.firefox.FirefoxDriver.startClient(FirefoxDriver.java:271)
	at org.openqa.selenium.remote.RemoteWebDriver.<init>(RemoteWebDriver.java:119)
	at org.openqa.selenium.firefox.FirefoxDriver.<init>(FirefoxDriver.java:216)
	at org.openqa.selenium.firefox.FirefoxDriver.<init>(FirefoxDriver.java:211)
	at org.openqa.selenium.firefox.FirefoxDriver.<init>(FirefoxDriver.java:207)
	at org.openqa.selenium.firefox.FirefoxDriver.<init>(FirefoxDriver.java:120)
	at Factory.BrowserFactory.getBrowser(BrowserFactory.java:16)
	at Testcases.VerifyLoginPage.setUp(VerifyLoginPage.java:23)
	at sun.reflect.NativeMethodAccessorImpl.invoke0(Native Method)
	at sun.reflect.NativeMethodAccessorImpl.invoke(Unknown Source)
	at sun.reflect.DelegatingMethodAccessorImpl.invoke(Unknown Source)
	at java.lang.reflect.Method.invoke(Unknown Source)
	at org.testng.internal.MethodInvocationHelper.invokeMethod(MethodInvocationHelper.java:85)
	at org.testng.internal.Invoker.invokeConfigurationMethod(Invoker.java:510)
	at org.testng.internal.Invoker.invokeConfigurations(Invoker.java:211)
	at org.testng.internal.Invoker.invokeMethod(Invoker.java:585)
	at org.testng.internal.Invoker.invokeTestMethod(Invoker.java:816)
	at org.testng.internal.Invoker.invokeTestMethods(Invoker.java:1124)
	at org.testng.internal.TestMethodWorker.invokeTestMethods(TestMethodWorker.java:125)
	at org.testng.internal.TestMethodWorker.run(TestMethodWorker.java:108)
	at org.testng.TestRunner.privateRun(TestRunner.java:774)
	at org.testng.TestRunner.run(TestRunner.java:624)
	at org.testng.SuiteRunner.runTest(SuiteRunner.java:359)
	at org.testng.SuiteRunner.runSequentially(SuiteRunner.java:354)
	at org.testng.SuiteRunner.privateRun(SuiteRunner.java:312)
	at org.testng.SuiteRunner.run(SuiteRunner.java:261)
	at org.testng.SuiteRunnerWorker.runSuite(SuiteRunnerWorker.java:52)
	at org.testng.SuiteRunnerWorker.run(SuiteRunnerWorker.java:86)
	at org.testng.TestNG.runSuitesSequentially(TestNG.java:1215)
	at org.testng.TestNG.runSuitesLocally(TestNG.java:1140)
	at org.testng.TestNG.run(TestNG.java:1048)
	at org.testng.remote.AbstractRemoteTestNG.run(AbstractRemoteTestNG.java:126)
	at org.testng.remote.RemoteTestNG.initAndRun(RemoteTestNG.java:152)
	at org.testng.remote.RemoteTestNG.main(RemoteTestNG.java:57)
Caused by: org.openqa.selenium.firefox.NotConnectedException: Unable to connect to host 127.0.0.1 on port 7055 after 45000 ms. Firefox console output:
Mozilla Contributors"]},"visible":true,"active":true,"userDisabled":false,"appDisabled":false,"descriptor":"C:\\Program Files\\Mozilla Firefox\\browser\\extensions\\{972ce4c6-7e08-4474-a285-3208198ce6fd}.xpi","installDate":1488680097452,"updateDate":1488680097452,"applyBackgroundUpdates":1,"skinnable":true,"size":19708,"sourceURI":null,"releaseNotesURI":null,"softDisabled":false,"foreignInstall":false,"hasBinaryComponents":false,"strictCompatibility":true,"locales":[],"targetApplications":[{"id":"{ec8030f7-c20a-464f-9b0e-13a3a9e97384}","minVersion":"51.0.1","maxVersion":"51.0.1"}],"targetPlatforms":[],"seen":true,"dependencies":[],"hasEmbeddedWebExtension":false}
1488680351928	addons.xpi	DEBUG	getModTime: Recursive scan of {972ce4c6-7e08-4474-a285-3208198ce6fd}
1488680351930	DeferredSave.extensions.json	DEBUG	Save changes
1488680351931	addons.xpi	DEBUG	Updating database with changes to installed add-ons
1488680351931	addons.xpi-utils	DEBUG	Updating add-on states
1488680351932	addons.xpi-utils	DEBUG	Writing add-ons list
1488680351938	addons.xpi	DEBUG	Registering manifest for C:\Program Files\Mozilla Firefox\browser\features\aushelper@mozilla.org.xpi
1488680351939	addons.xpi	DEBUG	Calling bootstrap method startup on aushelper@mozilla.org version 1.0
1488680351942	addons.xpi	DEBUG	Registering manifest for C:\Program Files\Mozilla Firefox\browser\features\e10srollout@mozilla.org.xpi
1488680351944	addons.xpi	DEBUG	Calling bootstrap method startup on e10srollout@mozilla.org version 1.7
1488680351945	addons.xpi	DEBUG	Registering manifest for C:\Program Files\Mozilla Firefox\browser\features\firefox@getpocket.com.xpi
1488680351947	addons.xpi	DEBUG	Calling bootstrap method startup on firefox@getpocket.com version 1.0.5
1488680351949	addons.xpi	DEBUG	Registering manifest for C:\Program Files\Mozilla Firefox\browser\features\webcompat@mozilla.org.xpi
1488680351952	addons.xpi	DEBUG	Calling bootstrap method startup on webcompat@mozilla.org version 1.0
1488680351960	addons.manager	DEBUG	Registering shutdown blocker for XPIProvider
1488680351962	addons.manager	DEBUG	Provider finished startup: XPIProvider
1488680351963	addons.manager	DEBUG	Starting provider: LightweightThemeManager
1488680351963	addons.manager	DEBUG	Registering shutdown blocker for LightweightThemeManager
1488680351964	addons.manager	DEBUG	Provider finished startup: LightweightThemeManager
1488680351965	addons.manager	DEBUG	Starting provider: GMPProvider
1488680351983	addons.manager	DEBUG	Registering shutdown blocker for GMPProvider
1488680351984	addons.manager	DEBUG	Provider finished startup: GMPProvider
1488680351984	addons.manager	DEBUG	Starting provider: PluginProvider
1488680351986	addons.manager	DEBUG	Registering shutdown blocker for PluginProvider
1488680351986	addons.manager	DEBUG	Provider finished startup: PluginProvider
1488680351987	addons.manager	DEBUG	Completed startup sequence
1488680353616	addons.manager	DEBUG	Starting provider: <unnamed-provider>
1488680353617	addons.manager	DEBUG	Registering shutdown blocker for <unnamed-provider>
1488680353617	addons.manager	DEBUG	Provider finished startup: <unnamed-provider>
1488680353986	DeferredSave.extensions.json	DEBUG	Write succeeded
1488680353986	addons.xpi-utils	DEBUG	XPI Database saved, setting schema version preference to 19
1488680353987	DeferredSave.extensions.json	DEBUG	Starting timer
1488680354011	DeferredSave.extensions.json	DEBUG	Starting write
1488680354026	addons.repository	DEBUG	No addons.json found.
1488680354027	DeferredSave.addons.json	DEBUG	Save changes
1488680354032	DeferredSave.addons.json	DEBUG	Starting timer
1488680354085	addons.manager	DEBUG	Starting provider: PreviousExperimentProvider
1488680354085	addons.manager	DEBUG	Registering shutdown blocker for PreviousExperimentProvider
1488680354086	addons.manager	DEBUG	Provider finished startup: PreviousExperimentProvider
1488680354092	DeferredSave.addons.json	DEBUG	Starting write
1488680354111	DeferredSave.extensions.json	DEBUG	Write succeeded
1488680354180	DeferredSave.addons.json	DEBUG	Write succeeded

	at org.openqa.selenium.firefox.internal.NewProfileExtensionConnection.start(NewProfileExtensionConnection.java:113)
	... 34 more
]]>
    </error>
  </testcase> <!-- testLoginPage -->
</testsuite> <!-- Testcases.VerifyLoginPage -->
